<?xml version="1.0" encoding="UTF-8"?>
<!-- Generated by org.testng.reporters.JUnitReportReporter -->
<testsuite hostname="haya" failures="0" tests="1" name="MyTest" time="14.882" errors="0" timestamp="2023-08-01T18:10:47 TRT" skipped="0">
  <testcase classname="MyTest" name="exchange_currencies" time="14.882"/>
  <system-out/>
</testsuite> <!-- MyTest -->
